#
# A fatal error has been detected by the Java Runtime Environment:
#
#  EXCEPTION_ACCESS_VIOLATION (0xc0000005) at pc=0x00007ffdf56e016b, pid=19732, tid=23664
#
# JRE version: OpenJDK Runtime Environment AdoptOpenJDK (11.0.8+10) (build 11.0.8+10)
# Java VM: OpenJDK 64-Bit Server VM AdoptOpenJDK (11.0.8+10, mixed mode, tiered, compressed oops, g1 gc, windows-amd64)
# Problematic frame:
# V  [jvm.dll+0x66016b]
#
# No core dump will be written. Minidumps are not enabled by default on client versions of Windows
#
# If you would like to submit a bug report, please visit:
#   https://github.com/AdoptOpenJDK/openjdk-support/issues
#

---------------  S U M M A R Y ------------

Command Line: -agentlib:jdwp=transport=dt_socket,suspend=y,address=localhost:58371 -javaagent:C:\Users\Asus\eclipse\java-2020-092\eclipse\configuration\org.eclipse.osgi\215\0\.cp\lib\javaagent-shaded.jar -Dfile.encoding=Cp1252 ImageMosquitoes

Host: Intel(R) Core(TM) i7-7500U CPU @ 2.70GHz, 4 cores, 7G,  Windows 10 , 64 bit Build 19041 (10.0.19041.1348)
Time: Sun Nov 28 03:51:41 2021 Hora estándar romance elapsed time: 12551 seconds (0d 3h 29m 11s)

---------------  T H R E A D  ---------------

Current thread (0x0000023f7e5f3800):  VMThread "VM Thread" [stack: 0x0000007192b00000,0x0000007192c00000] [id=23664]

Stack: [0x0000007192b00000,0x0000007192c00000],  sp=0x0000007192bfe8c0,  free space=1018k
Native frames: (J=compiled Java code, j=interpreted, Vv=VM code, C=native code)
V  [jvm.dll+0x66016b]
V  [jvm.dll+0x31bfc3]
V  [jvm.dll+0x31dceb]
V  [jvm.dll+0x31e5ae]
V  [jvm.dll+0x31be1c]
V  [jvm.dll+0x31b052]
V  [jvm.dll+0x5ced35]
V  [jvm.dll+0x5ceabd]
V  [jvm.dll+0x595883]
V  [jvm.dll+0x4b29f1]
V  [jvm.dll+0x71a9ec]
V  [jvm.dll+0x71ea87]
V  [jvm.dll+0x71f2e9]
V  [jvm.dll+0x71f677]
V  [jvm.dll+0x6d53e4]
V  [jvm.dll+0x5de996]
C  [ucrtbase.dll+0x21bb2]
C  [KERNEL32.DLL+0x17034]
C  [ntdll.dll+0x52651]


siginfo: EXCEPTION_ACCESS_VIOLATION (0xc0000005), reading address 0x0000000000000006


Register to memory mapping:

RIP=0x00007ffdf56e016b jvm.dll
RAX=0x0000007192bfe950 points into unknown readable memory: 00 00 00 00 00 00 00 00
RBX=0x0000007192bfe920 points into unknown readable memory: a8 19 8a f5 fd 7f 00 00
RCX=0x0 is NULL
RDX=0x0 is NULL
RSP=0x0000007192bfe8c0 points into unknown readable memory: 20 e9 bf 92 71 00 00 00
RBP=0x0000007192bfee70 points into unknown readable memory: 88 d9 8c 5f 3f 02 00 00
RSI=0x0 is NULL
RDI=0x0 is NULL
R8 =0x0 is NULL
R9 =0x0000023f7ee387a0 is pointing into metadata
R10=0x0 is NULL
R11=0x0000000047000000 is an unknown value
R12=0x0000023f5f8cd820 points into unknown readable memory: 00 cc 8d f5 9c 01 00 00
R13=0x0000000000000190 is an unknown value
R14=0x0000023f7ee39248 is pointing into metadata
R15=0x00000000000001b7 is an unknown value


Registers:
RAX=0x0000007192bfe950, RBX=0x0000007192bfe920, RCX=0x0000000000000000, RDX=0x0000000000000000
RSP=0x0000007192bfe8c0, RBP=0x0000007192bfee70, RSI=0x0000000000000000, RDI=0x0000000000000000
R8 =0x0000000000000000, R9 =0x0000023f7ee387a0, R10=0x0000000000000000, R11=0x0000000047000000
R12=0x0000023f5f8cd820, R13=0x0000000000000190, R14=0x0000023f7ee39248, R15=0x00000000000001b7
RIP=0x00007ffdf56e016b, EFLAGS=0x0000000000010246

Top of Stack: (sp=0x0000007192bfe8c0)
0x0000007192bfe8c0:   0000007192bfe920 0000023f7f3445ea
0x0000007192bfe8d0:   0000000000000000 00007ffdf56e05fa
0x0000007192bfe8e0:   0000000000000001 00007ffdf539bfc3
0x0000007192bfe8f0:   0000000000000000 0000007192bfefe0
0x0000007192bfe900:   0000000000000000 0000000000000001
0x0000007192bfe910:   0000023f7f3445e0 000000000000037f
0x0000007192bfe920:   00007ffdf58a19a8 0000000000000000
0x0000007192bfe930:   0000000000000000 00007ffd0000000e
0x0000007192bfe940:   0000007192bfe950 00007ffe00000000
0x0000007192bfe950:   0000000000000000 0000023f7f954b8c
0x0000007192bfe960:   2fffffff4fffffff 2fffffff2fffffff
0x0000007192bfe970:   00007ffd2fffffff 0000023f7e503b28
0x0000007192bfe980:   0000000000000000 0000000000000032
0x0000007192bfe990:   0000023f7f0ba000 00007ffe50972437
0x0000007192bfe9a0:   0000000000000000 0000000000000001
0x0000007192bfe9b0:   0000023f7f388880 0000000000000072 

Instructions: (pc=0x00007ffdf56e016b)
0x00007ffdf56e006b:   48 8b cb ff 50 30 ff 43 14 48 c1 ef 04 eb 86 48
0x00007ffdf56e007b:   8b 03 45 33 c0 33 d2 48 8b cb ff 50 48 ff 43 14
0x00007ffdf56e008b:   48 c1 ef 04 e9 6c ff ff ff 48 8b 03 48 8b cb ff
0x00007ffdf56e009b:   50 38 83 43 14 02 48 c1 ef 04 e9 56 ff ff ff 48
0x00007ffdf56e00ab:   8b 03 48 8b cb ff 50 10 ff 43 14 48 c1 ef 04 e9
0x00007ffdf56e00bb:   41 ff ff ff 48 8b 03 48 8b cb ff 50 18 83 43 14
0x00007ffdf56e00cb:   02 48 c1 ef 04 e9 2b ff ff ff 48 8b 0d c4 54 3a
0x00007ffdf56e00db:   00 48 8d 15 dd fb 20 00 e8 78 1a f8 ff 48 8b 0d
0x00007ffdf56e00eb:   b1 54 3a 00 48 8d 15 e2 fb 20 00 4c 8b c6 e8 62
0x00007ffdf56e00fb:   1a f8 ff ba cb 00 00 00 48 8d 0d 66 fb 20 00 e8
0x00007ffdf56e010b:   d1 0b be ff e8 cc 7d f7 ff 48 c1 ef 04 e9 e3 fe
0x00007ffdf56e011b:   ff ff 0f 1f 00 21 00 66 00 32 00 66 00 44 00 66
0x00007ffdf56e012b:   00 56 00 66 00 68 00 66 00 94 00 66 00 aa 00 66
0x00007ffdf56e013b:   00 bf 00 66 00 7a 00 66 00 d8 ff 65 00 cc cc cc
0x00007ffdf56e014b:   cc cc cc cc cc 40 53 48 83 ec 20 c7 41 10 00 00
0x00007ffdf56e015b:   00 00 48 8b d9 48 89 7c 24 38 48 8b 79 08 33 c9
0x00007ffdf56e016b:   80 7f 06 28 74 26 44 8d 49 28 8d 51 35 48 8d 0d
0x00007ffdf56e017b:   f1 fa 20 00 4c 8d 05 da fa 20 00 e8 d5 09 be ff
0x00007ffdf56e018b:   e8 50 7d f7 ff 8b 4b 10 48 8b 7b 08 8d 41 01 48
0x00007ffdf56e019b:   63 c9 89 43 10 80 7c 39 07 29 0f 84 f3 00 00 00
0x00007ffdf56e01ab:   48 89 74 24 30 44 8b c0 48 8d 35 46 fe 99 ff 66
0x00007ffdf56e01bb:   0f 1f 44 00 00 4d 63 c8 41 0f be 4c 39 06 83 c1
0x00007ffdf56e01cb:   be 83 f9 19 0f 87 96 00 00 00 48 63 c9 0f b6 8c
0x00007ffdf56e01db:   0e 4c 03 66 00 8b 94 8e 3c 03 66 00 48 03 d6 ff
0x00007ffdf56e01eb:   e2 41 8d 40 01 89 43 10 e9 8c 00 00 00 0f 1f 84
0x00007ffdf56e01fb:   00 00 00 00 00 48 63 c8 ff c0 89 43 10 44 8b c0
0x00007ffdf56e020b:   80 7c 39 06 3b 75 ee eb 73 41 8d 40 01 89 43 10
0x00007ffdf56e021b:   41 80 7c 39 07 5b 75 1c 0f 1f 40 00 66 0f 1f 84
0x00007ffdf56e022b:   00 00 00 00 00 48 63 c8 ff c0 89 43 10 80 7c 39
0x00007ffdf56e023b:   07 5b 74 f1 48 63 c8 80 7c 39 06 4c 75 1b 0f 1f
0x00007ffdf56e024b:   80 00 00 00 00 48 63 c8 ff c0 89 43 10 44 8b c0
0x00007ffdf56e025b:   80 7c 39 06 3b 75 ee eb 23 ff c0 89 43 10 eb 19 


Stack slot to memory mapping:
stack at sp + 0 slots: 0x0000007192bfe920 points into unknown readable memory: a8 19 8a f5 fd 7f 00 00
stack at sp + 1 slots: 0x0000023f7f3445ea points into unknown readable memory: be fd 8b 44 3c 10
stack at sp + 2 slots: 0x0 is NULL
stack at sp + 3 slots: 0x00007ffdf56e05fa jvm.dll
stack at sp + 4 slots: 0x0000000000000001 is an unknown value
stack at sp + 5 slots: 0x00007ffdf539bfc3 jvm.dll
stack at sp + 6 slots: 0x0 is NULL
stack at sp + 7 slots: 0x0000007192bfefe0 points into unknown readable memory: c8 f2 8d f5 fd 7f 00 00

VM_Operation (0x00000071934ff620): GetOrSetLocal, mode: safepoint, requested by thread 0x0000023f7f354800


---------------  P R O C E S S  ---------------

Threads class SMR info:
_java_thread_list=0x0000023f7f8e3c50, length=14, elements={
0x0000023f5f7eb000, 0x0000023f7e619800, 0x0000023f7e622800, 0x0000023f7e632000,
0x0000023f7e632800, 0x0000023f7e637800, 0x0000023f7e645800, 0x0000023f7e655800,
0x0000023f7e5ae800, 0x0000023f7f354800, 0x0000023f7f21d000, 0x0000023f7f355800,
0x0000023f7f29c000, 0x0000023f7f387800
}

Java Threads: ( => current thread )
  0x0000023f5f7eb000 JavaThread "main" [_thread_blocked, id=24584, stack(0x0000007192500000,0x0000007192600000)]
  0x0000023f7e619800 JavaThread "Reference Handler" daemon [_thread_blocked, id=25956, stack(0x0000007192c00000,0x0000007192d00000)]
  0x0000023f7e622800 JavaThread "Finalizer" daemon [_thread_blocked, id=15220, stack(0x0000007192d00000,0x0000007192e00000)]
  0x0000023f7e632000 JavaThread "Signal Dispatcher" daemon [_thread_blocked, id=9236, stack(0x0000007192e00000,0x0000007192f00000)]
  0x0000023f7e632800 JavaThread "Attach Listener" daemon [_thread_blocked, id=22932, stack(0x0000007192f00000,0x0000007193000000)]
  0x0000023f7e637800 JavaThread "C2 CompilerThread0" daemon [_thread_blocked, id=10512, stack(0x0000007193000000,0x0000007193100000)]
  0x0000023f7e645800 JavaThread "C1 CompilerThread0" daemon [_thread_blocked, id=5832, stack(0x0000007193100000,0x0000007193200000)]
  0x0000023f7e655800 JavaThread "Sweeper thread" daemon [_thread_blocked, id=20180, stack(0x0000007193200000,0x0000007193300000)]
  0x0000023f7e5ae800 JavaThread "Common-Cleaner" daemon [_thread_blocked, id=14068, stack(0x0000007193300000,0x0000007193400000)]
  0x0000023f7f354800 JavaThread "JDWP Transport Listener: dt_socket" daemon [_thread_blocked, id=13092, stack(0x0000007193400000,0x0000007193500000)] _threads_hazard_ptr=0x0000023f7f8e3c50
  0x0000023f7f21d000 JavaThread "JDWP Event Helper Thread" daemon [_thread_blocked, id=700, stack(0x0000007193500000,0x0000007193600000)]
  0x0000023f7f355800 JavaThread "JDWP Command Reader" daemon [_thread_in_native, id=20600, stack(0x0000007193600000,0x0000007193700000)]
  0x0000023f7f29c000 JavaThread "Service Thread" daemon [_thread_blocked, id=5564, stack(0x0000007193700000,0x0000007193800000)]
  0x0000023f7f387800 JavaThread "Java2D Disposer" daemon [_thread_blocked, id=24212, stack(0x0000007193a00000,0x0000007193b00000)]

Other Threads:
=>0x0000023f7e5f3800 VMThread "VM Thread" [stack: 0x0000007192b00000,0x0000007192c00000] [id=23664]
  0x0000023f7f321800 WatcherThread [stack: 0x0000007193800000,0x0000007193900000] [id=23608]
  0x0000023f5f803800 GCTaskThread "GC Thread#0" [stack: 0x0000007192600000,0x0000007192700000] [id=3464]
  0x0000023f5f835800 ConcurrentGCThread "G1 Main Marker" [stack: 0x0000007192700000,0x0000007192800000] [id=19820]
  0x0000023f5f837000 ConcurrentGCThread "G1 Conc#0" [stack: 0x0000007192800000,0x0000007192900000] [id=25808]
  0x0000023f5f8cc000 ConcurrentGCThread "G1 Refine#0" [stack: 0x0000007192900000,0x0000007192a00000] [id=23212]
  0x0000023f7e460800 ConcurrentGCThread "G1 Young RemSet Sampling" [stack: 0x0000007192a00000,0x0000007192b00000] [id=18936]

Threads with active compile tasks:

VM state:at safepoint (normal execution)

VM Mutex/Monitor currently owned by a thread:  ([mutex/lock_event])
[0x0000023f5f7e6770] Threads_lock - owner thread: 0x0000023f7e5f3800

Heap address: 0x0000000081c00000, size: 2020 MB, Compressed Oops mode: 32-bit
Narrow klass base: 0x0000000000000000, Narrow klass shift: 3
Compressed class space size: 1073741824 Address: 0x0000000100000000

Heap:
 garbage-first heap   total 131072K, used 8192K [0x0000000081c00000, 0x0000000100000000)
  region size 1024K, 9 young (9216K), 0 survivors (0K)
 Metaspace       used 11023K, capacity 11241K, committed 11392K, reserved 1058816K
  class space    used 1006K, capacity 1066K, committed 1152K, reserved 1048576K
Heap Regions: E=young(eden), S=young(survivor), O=old, HS=humongous(starts), HC=humongous(continues), CS=collection set, F=free, A=archive, TAMS=top-at-mark-start (previous, next)
|   0|0x0000000081c00000, 0x0000000081c00000, 0x0000000081d00000|  0%| F|  |TAMS 0x0000000081c00000, 0x0000000081c00000| Untracked 
|   1|0x0000000081d00000, 0x0000000081d00000, 0x0000000081e00000|  0%| F|  |TAMS 0x0000000081d00000, 0x0000000081d00000| Untracked 
|   2|0x0000000081e00000, 0x0000000081e00000, 0x0000000081f00000|  0%| F|  |TAMS 0x0000000081e00000, 0x0000000081e00000| Untracked 
|   3|0x0000000081f00000, 0x0000000081f00000, 0x0000000082000000|  0%| F|  |TAMS 0x0000000081f00000, 0x0000000081f00000| Untracked 
|   4|0x0000000082000000, 0x0000000082000000, 0x0000000082100000|  0%| F|  |TAMS 0x0000000082000000, 0x0000000082000000| Untracked 
|   5|0x0000000082100000, 0x0000000082100000, 0x0000000082200000|  0%| F|  |TAMS 0x0000000082100000, 0x0000000082100000| Untracked 
|   6|0x0000000082200000, 0x0000000082200000, 0x0000000082300000|  0%| F|  |TAMS 0x0000000082200000, 0x0000000082200000| Untracked 
|   7|0x0000000082300000, 0x0000000082300000, 0x0000000082400000|  0%| F|  |TAMS 0x0000000082300000, 0x0000000082300000| Untracked 
|   8|0x0000000082400000, 0x0000000082400000, 0x0000000082500000|  0%| F|  |TAMS 0x0000000082400000, 0x0000000082400000| Untracked 
|   9|0x0000000082500000, 0x0000000082500000, 0x0000000082600000|  0%| F|  |TAMS 0x0000000082500000, 0x0000000082500000| Untracked 
|  10|0x0000000082600000, 0x0000000082600000, 0x0000000082700000|  0%| F|  |TAMS 0x0000000082600000, 0x0000000082600000| Untracked 
|  11|0x0000000082700000, 0x0000000082700000, 0x0000000082800000|  0%| F|  |TAMS 0x0000000082700000, 0x0000000082700000| Untracked 
|  12|0x0000000082800000, 0x0000000082800000, 0x0000000082900000|  0%| F|  |TAMS 0x0000000082800000, 0x0000000082800000| Untracked 
|  13|0x0000000082900000, 0x0000000082900000, 0x0000000082a00000|  0%| F|  |TAMS 0x0000000082900000, 0x0000000082900000| Untracked 
|  14|0x0000000082a00000, 0x0000000082a00000, 0x0000000082b00000|  0%| F|  |TAMS 0x0000000082a00000, 0x0000000082a00000| Untracked 
|  15|0x0000000082b00000, 0x0000000082b00000, 0x0000000082c00000|  0%| F|  |TAMS 0x0000000082b00000, 0x0000000082b00000| Untracked 
|  16|0x0000000082c00000, 0x0000000082c00000, 0x0000000082d00000|  0%| F|  |TAMS 0x0000000082c00000, 0x0000000082c00000| Untracked 
|  17|0x0000000082d00000, 0x0000000082d00000, 0x0000000082e00000|  0%| F|  |TAMS 0x0000000082d00000, 0x0000000082d00000| Untracked 
|  18|0x0000000082e00000, 0x0000000082e00000, 0x0000000082f00000|  0%| F|  |TAMS 0x0000000082e00000, 0x0000000082e00000| Untracked 
|  19|0x0000000082f00000, 0x0000000082f00000, 0x0000000083000000|  0%| F|  |TAMS 0x0000000082f00000, 0x0000000082f00000| Untracked 
|  20|0x0000000083000000, 0x0000000083000000, 0x0000000083100000|  0%| F|  |TAMS 0x0000000083000000, 0x0000000083000000| Untracked 
|  21|0x0000000083100000, 0x0000000083100000, 0x0000000083200000|  0%| F|  |TAMS 0x0000000083100000, 0x0000000083100000| Untracked 
|  22|0x0000000083200000, 0x0000000083200000, 0x0000000083300000|  0%| F|  |TAMS 0x0000000083200000, 0x0000000083200000| Untracked 
|  23|0x0000000083300000, 0x0000000083300000, 0x0000000083400000|  0%| F|  |TAMS 0x0000000083300000, 0x0000000083300000| Untracked 
|  24|0x0000000083400000, 0x0000000083400000, 0x0000000083500000|  0%| F|  |TAMS 0x0000000083400000, 0x0000000083400000| Untracked 
|  25|0x0000000083500000, 0x0000000083500000, 0x0000000083600000|  0%| F|  |TAMS 0x0000000083500000, 0x0000000083500000| Untracked 
|  26|0x0000000083600000, 0x0000000083600000, 0x0000000083700000|  0%| F|  |TAMS 0x0000000083600000, 0x0000000083600000| Untracked 
|  27|0x0000000083700000, 0x0000000083700000, 0x0000000083800000|  0%| F|  |TAMS 0x0000000083700000, 0x0000000083700000| Untracked 
|  28|0x0000000083800000, 0x0000000083800000, 0x0000000083900000|  0%| F|  |TAMS 0x0000000083800000, 0x0000000083800000| Untracked 
|  29|0x0000000083900000, 0x0000000083900000, 0x0000000083a00000|  0%| F|  |TAMS 0x0000000083900000, 0x0000000083900000| Untracked 
|  30|0x0000000083a00000, 0x0000000083a00000, 0x0000000083b00000|  0%| F|  |TAMS 0x0000000083a00000, 0x0000000083a00000| Untracked 
|  31|0x0000000083b00000, 0x0000000083b00000, 0x0000000083c00000|  0%| F|  |TAMS 0x0000000083b00000, 0x0000000083b00000| Untracked 
|  32|0x0000000083c00000, 0x0000000083c00000, 0x0000000083d00000|  0%| F|  |TAMS 0x0000000083c00000, 0x0000000083c00000| Untracked 
|  33|0x0000000083d00000, 0x0000000083d00000, 0x0000000083e00000|  0%| F|  |TAMS 0x0000000083d00000, 0x0000000083d00000| Untracked 
|  34|0x0000000083e00000, 0x0000000083e00000, 0x0000000083f00000|  0%| F|  |TAMS 0x0000000083e00000, 0x0000000083e00000| Untracked 
|  35|0x0000000083f00000, 0x0000000083f00000, 0x0000000084000000|  0%| F|  |TAMS 0x0000000083f00000, 0x0000000083f00000| Untracked 
|  36|0x0000000084000000, 0x0000000084000000, 0x0000000084100000|  0%| F|  |TAMS 0x0000000084000000, 0x0000000084000000| Untracked 
|  37|0x0000000084100000, 0x0000000084100000, 0x0000000084200000|  0%| F|  |TAMS 0x0000000084100000, 0x0000000084100000| Untracked 
|  38|0x0000000084200000, 0x0000000084200000, 0x0000000084300000|  0%| F|  |TAMS 0x0000000084200000, 0x0000000084200000| Untracked 
|  39|0x0000000084300000, 0x0000000084300000, 0x0000000084400000|  0%| F|  |TAMS 0x0000000084300000, 0x0000000084300000| Untracked 
|  40|0x0000000084400000, 0x0000000084400000, 0x0000000084500000|  0%| F|  |TAMS 0x0000000084400000, 0x0000000084400000| Untracked 
|  41|0x0000000084500000, 0x0000000084500000, 0x0000000084600000|  0%| F|  |TAMS 0x0000000084500000, 0x0000000084500000| Untracked 
|  42|0x0000000084600000, 0x0000000084600000, 0x0000000084700000|  0%| F|  |TAMS 0x0000000084600000, 0x0000000084600000| Untracked 
|  43|0x0000000084700000, 0x0000000084700000, 0x0000000084800000|  0%| F|  |TAMS 0x0000000084700000, 0x0000000084700000| Untracked 
|  44|0x0000000084800000, 0x0000000084800000, 0x0000000084900000|  0%| F|  |TAMS 0x0000000084800000, 0x0000000084800000| Untracked 
|  45|0x0000000084900000, 0x0000000084900000, 0x0000000084a00000|  0%| F|  |TAMS 0x0000000084900000, 0x0000000084900000| Untracked 
|  46|0x0000000084a00000, 0x0000000084a00000, 0x0000000084b00000|  0%| F|  |TAMS 0x0000000084a00000, 0x0000000084a00000| Untracked 
|  47|0x0000000084b00000, 0x0000000084b00000, 0x0000000084c00000|  0%| F|  |TAMS 0x0000000084b00000, 0x0000000084b00000| Untracked 
|  48|0x0000000084c00000, 0x0000000084c00000, 0x0000000084d00000|  0%| F|  |TAMS 0x0000000084c00000, 0x0000000084c00000| Untracked 
|  49|0x0000000084d00000, 0x0000000084d00000, 0x0000000084e00000|  0%| F|  |TAMS 0x0000000084d00000, 0x0000000084d00000| Untracked 
|  50|0x0000000084e00000, 0x0000000084e00000, 0x0000000084f00000|  0%| F|  |TAMS 0x0000000084e00000, 0x0000000084e00000| Untracked 
|  51|0x0000000084f00000, 0x0000000084f00000, 0x0000000085000000|  0%| F|  |TAMS 0x0000000084f00000, 0x0000000084f00000| Untracked 
|  52|0x0000000085000000, 0x0000000085000000, 0x0000000085100000|  0%| F|  |TAMS 0x0000000085000000, 0x0000000085000000| Untracked 
|  53|0x0000000085100000, 0x0000000085100000, 0x0000000085200000|  0%| F|  |TAMS 0x0000000085100000, 0x0000000085100000| Untracked 
|  54|0x0000000085200000, 0x0000000085200000, 0x0000000085300000|  0%| F|  |TAMS 0x0000000085200000, 0x0000000085200000| Untracked 
|  55|0x0000000085300000, 0x0000000085300000, 0x0000000085400000|  0%| F|  |TAMS 0x0000000085300000, 0x0000000085300000| Untracked 
|  56|0x0000000085400000, 0x0000000085400000, 0x0000000085500000|  0%| F|  |TAMS 0x0000000085400000, 0x0000000085400000| Untracked 
|  57|0x0000000085500000, 0x0000000085500000, 0x0000000085600000|  0%| F|  |TAMS 0x0000000085500000, 0x0000000085500000| Untracked 
|  58|0x0000000085600000, 0x0000000085600000, 0x0000000085700000|  0%| F|  |TAMS 0x0000000085600000, 0x0000000085600000| Untracked 
|  59|0x0000000085700000, 0x0000000085700000, 0x0000000085800000|  0%| F|  |TAMS 0x0000000085700000, 0x0000000085700000| Untracked 
|  60|0x0000000085800000, 0x0000000085800000, 0x0000000085900000|  0%| F|  |TAMS 0x0000000085800000, 0x0000000085800000| Untracked 
|  61|0x0000000085900000, 0x0000000085900000, 0x0000000085a00000|  0%| F|  |TAMS 0x0000000085900000, 0x0000000085900000| Untracked 
|  62|0x0000000085a00000, 0x0000000085a00000, 0x0000000085b00000|  0%| F|  |TAMS 0x0000000085a00000, 0x0000000085a00000| Untracked 
|  63|0x0000000085b00000, 0x0000000085b00000, 0x0000000085c00000|  0%| F|  |TAMS 0x0000000085b00000, 0x0000000085b00000| Untracked 
|  64|0x0000000085c00000, 0x0000000085c00000, 0x0000000085d00000|  0%| F|  |TAMS 0x0000000085c00000, 0x0000000085c00000| Untracked 
|  65|0x0000000085d00000, 0x0000000085d00000, 0x0000000085e00000|  0%| F|  |TAMS 0x0000000085d00000, 0x0000000085d00000| Untracked 
|  66|0x0000000085e00000, 0x0000000085e00000, 0x0000000085f00000|  0%| F|  |TAMS 0x0000000085e00000, 0x0000000085e00000| Untracked 
|  67|0x0000000085f00000, 0x0000000085f00000, 0x0000000086000000|  0%| F|  |TAMS 0x0000000085f00000, 0x0000000085f00000| Untracked 
|  68|0x0000000086000000, 0x0000000086000000, 0x0000000086100000|  0%| F|  |TAMS 0x0000000086000000, 0x0000000086000000| Untracked 
|  69|0x0000000086100000, 0x0000000086100000, 0x0000000086200000|  0%| F|  |TAMS 0x0000000086100000, 0x0000000086100000| Untracked 
|  70|0x0000000086200000, 0x0000000086200000, 0x0000000086300000|  0%| F|  |TAMS 0x0000000086200000, 0x0000000086200000| Untracked 
|  71|0x0000000086300000, 0x0000000086300000, 0x0000000086400000|  0%| F|  |TAMS 0x0000000086300000, 0x0000000086300000| Untracked 
|  72|0x0000000086400000, 0x0000000086400000, 0x0000000086500000|  0%| F|  |TAMS 0x0000000086400000, 0x0000000086400000| Untracked 
|  73|0x0000000086500000, 0x0000000086500000, 0x0000000086600000|  0%| F|  |TAMS 0x0000000086500000, 0x0000000086500000| Untracked 
|  74|0x0000000086600000, 0x0000000086600000, 0x0000000086700000|  0%| F|  |TAMS 0x0000000086600000, 0x0000000086600000| Untracked 
|  75|0x0000000086700000, 0x0000000086700000, 0x0000000086800000|  0%| F|  |TAMS 0x0000000086700000, 0x0000000086700000| Untracked 
|  76|0x0000000086800000, 0x0000000086800000, 0x0000000086900000|  0%| F|  |TAMS 0x0000000086800000, 0x0000000086800000| Untracked 
|  77|0x0000000086900000, 0x0000000086900000, 0x0000000086a00000|  0%| F|  |TAMS 0x0000000086900000, 0x0000000086900000| Untracked 
|  78|0x0000000086a00000, 0x0000000086a00000, 0x0000000086b00000|  0%| F|  |TAMS 0x0000000086a00000, 0x0000000086a00000| Untracked 
|  79|0x0000000086b00000, 0x0000000086b00000, 0x0000000086c00000|  0%| F|  |TAMS 0x0000000086b00000, 0x0000000086b00000| Untracked 
|  80|0x0000000086c00000, 0x0000000086c00000, 0x0000000086d00000|  0%| F|  |TAMS 0x0000000086c00000, 0x0000000086c00000| Untracked 
|  81|0x0000000086d00000, 0x0000000086d00000, 0x0000000086e00000|  0%| F|  |TAMS 0x0000000086d00000, 0x0000000086d00000| Untracked 
|  82|0x0000000086e00000, 0x0000000086e00000, 0x0000000086f00000|  0%| F|  |TAMS 0x0000000086e00000, 0x0000000086e00000| Untracked 
|  83|0x0000000086f00000, 0x0000000086f00000, 0x0000000087000000|  0%| F|  |TAMS 0x0000000086f00000, 0x0000000086f00000| Untracked 
|  84|0x0000000087000000, 0x0000000087000000, 0x0000000087100000|  0%| F|  |TAMS 0x0000000087000000, 0x0000000087000000| Untracked 
|  85|0x0000000087100000, 0x0000000087100000, 0x0000000087200000|  0%| F|  |TAMS 0x0000000087100000, 0x0000000087100000| Untracked 
|  86|0x0000000087200000, 0x0000000087200000, 0x0000000087300000|  0%| F|  |TAMS 0x0000000087200000, 0x0000000087200000| Untracked 
|  87|0x0000000087300000, 0x0000000087300000, 0x0000000087400000|  0%| F|  |TAMS 0x0000000087300000, 0x0000000087300000| Untracked 
|  88|0x0000000087400000, 0x0000000087400000, 0x0000000087500000|  0%| F|  |TAMS 0x0000000087400000, 0x0000000087400000| Untracked 
|  89|0x0000000087500000, 0x0000000087500000, 0x0000000087600000|  0%| F|  |TAMS 0x0000000087500000, 0x0000000087500000| Untracked 
|  90|0x0000000087600000, 0x0000000087600000, 0x0000000087700000|  0%| F|  |TAMS 0x0000000087600000, 0x0000000087600000| Untracked 
|  91|0x0000000087700000, 0x0000000087700000, 0x0000000087800000|  0%| F|  |TAMS 0x0000000087700000, 0x0000000087700000| Untracked 
|  92|0x0000000087800000, 0x0000000087800000, 0x0000000087900000|  0%| F|  |TAMS 0x0000000087800000, 0x0000000087800000| Untracked 
|  93|0x0000000087900000, 0x0000000087900000, 0x0000000087a00000|  0%| F|  |TAMS 0x0000000087900000, 0x0000000087900000| Untracked 
|  94|0x0000000087a00000, 0x0000000087a00000, 0x0000000087b00000|  0%| F|  |TAMS 0x0000000087a00000, 0x0000000087a00000| Untracked 
|  95|0x0000000087b00000, 0x0000000087b00000, 0x0000000087c00000|  0%| F|  |TAMS 0x0000000087b00000, 0x0000000087b00000| Untracked 
|  96|0x0000000087c00000, 0x0000000087c00000, 0x0000000087d00000|  0%| F|  |TAMS 0x0000000087c00000, 0x0000000087c00000| Untracked 
|  97|0x0000000087d00000, 0x0000000087d00000, 0x0000000087e00000|  0%| F|  |TAMS 0x0000000087d00000, 0x0000000087d00000| Untracked 
|  98|0x0000000087e00000, 0x0000000087e00000, 0x0000000087f00000|  0%| F|  |TAMS 0x0000000087e00000, 0x0000000087e00000| Untracked 
|  99|0x0000000087f00000, 0x0000000087f00000, 0x0000000088000000|  0%| F|  |TAMS 0x0000000087f00000, 0x0000000087f00000| Untracked 
| 100|0x0000000088000000, 0x0000000088000000, 0x0000000088100000|  0%| F|  |TAMS 0x0000000088000000, 0x0000000088000000| Untracked 
| 101|0x0000000088100000, 0x0000000088100000, 0x0000000088200000|  0%| F|  |TAMS 0x0000000088100000, 0x0000000088100000| Untracked 
| 102|0x0000000088200000, 0x0000000088200000, 0x0000000088300000|  0%| F|  |TAMS 0x0000000088200000, 0x0000000088200000| Untracked 
| 103|0x0000000088300000, 0x0000000088300000, 0x0000000088400000|  0%| F|  |TAMS 0x0000000088300000, 0x0000000088300000| Untracked 
| 104|0x0000000088400000, 0x0000000088400000, 0x0000000088500000|  0%| F|  |TAMS 0x0000000088400000, 0x0000000088400000| Untracked 
| 105|0x0000000088500000, 0x0000000088500000, 0x0000000088600000|  0%| F|  |TAMS 0x0000000088500000, 0x0000000088500000| Untracked 
| 106|0x0000000088600000, 0x0000000088600000, 0x0000000088700000|  0%| F|  |TAMS 0x0000000088600000, 0x0000000088600000| Untracked 
| 107|0x0000000088700000, 0x0000000088700000, 0x0000000088800000|  0%| F|  |TAMS 0x0000000088700000, 0x0000000088700000| Untracked 
| 108|0x0000000088800000, 0x0000000088800000, 0x0000000088900000|  0%| F|  |TAMS 0x0000000088800000, 0x0000000088800000| Untracked 
| 109|0x0000000088900000, 0x0000000088900000, 0x0000000088a00000|  0%| F|  |TAMS 0x0000000088900000, 0x0000000088900000| Untracked 
| 110|0x0000000088a00000, 0x0000000088a00000, 0x0000000088b00000|  0%| F|  |TAMS 0x0000000088a00000, 0x0000000088a00000| Untracked 
| 111|0x0000000088b00000, 0x0000000088b00000, 0x0000000088c00000|  0%| F|  |TAMS 0x0000000088b00000, 0x0000000088b00000| Untracked 
| 112|0x0000000088c00000, 0x0000000088c00000, 0x0000000088d00000|  0%| F|  |TAMS 0x0000000088c00000, 0x0000000088c00000| Untracked 
| 113|0x0000000088d00000, 0x0000000088d00000, 0x0000000088e00000|  0%| F|  |TAMS 0x0000000088d00000, 0x0000000088d00000| Untracked 
| 114|0x0000000088e00000, 0x0000000088e00000, 0x0000000088f00000|  0%| F|  |TAMS 0x0000000088e00000, 0x0000000088e00000| Untracked 
| 115|0x0000000088f00000, 0x0000000088f00000, 0x0000000089000000|  0%| F|  |TAMS 0x0000000088f00000, 0x0000000088f00000| Untracked 
| 116|0x0000000089000000, 0x0000000089000000, 0x0000000089100000|  0%| F|  |TAMS 0x0000000089000000, 0x0000000089000000| Untracked 
| 117|0x0000000089100000, 0x0000000089100000, 0x0000000089200000|  0%| F|  |TAMS 0x0000000089100000, 0x0000000089100000| Untracked 
| 118|0x0000000089200000, 0x0000000089200000, 0x0000000089300000|  0%| F|  |TAMS 0x0000000089200000, 0x0000000089200000| Untracked 
| 119|0x0000000089300000, 0x0000000089348318, 0x0000000089400000| 28%| E|  |TAMS 0x0000000089300000, 0x0000000089300000| Complete 
| 120|0x0000000089400000, 0x0000000089500000, 0x0000000089500000|100%| E|CS|TAMS 0x0000000089400000, 0x0000000089400000| Complete 
| 121|0x0000000089500000, 0x0000000089600000, 0x0000000089600000|100%| E|CS|TAMS 0x0000000089500000, 0x0000000089500000| Complete 
| 122|0x0000000089600000, 0x0000000089700000, 0x0000000089700000|100%| E|CS|TAMS 0x0000000089600000, 0x0000000089600000| Complete 
| 123|0x0000000089700000, 0x0000000089800000, 0x0000000089800000|100%| E|CS|TAMS 0x0000000089700000, 0x0000000089700000| Complete 
| 124|0x0000000089800000, 0x0000000089900000, 0x0000000089900000|100%| E|CS|TAMS 0x0000000089800000, 0x0000000089800000| Complete 
| 125|0x0000000089900000, 0x0000000089a00000, 0x0000000089a00000|100%| E|CS|TAMS 0x0000000089900000, 0x0000000089900000| Complete 
| 126|0x0000000089a00000, 0x0000000089b00000, 0x0000000089b00000|100%| E|CS|TAMS 0x0000000089a00000, 0x0000000089a00000| Complete 
| 127|0x0000000089b00000, 0x0000000089c00000, 0x0000000089c00000|100%| E|CS|TAMS 0x0000000089b00000, 0x0000000089b00000| Complete 

Card table byte_map: [0x0000023f778b0000,0x0000023f77cb0000] _byte_map_base: 0x0000023f774a2000

Marking Bits (Prev, Next): (CMBitMap*) 0x0000023f5f82ca38, (CMBitMap*) 0x0000023f5f82ca70
 Prev Bits: [0x0000023f780b0000, 0x0000023f7a040000)
 Next Bits: [0x0000023f7a040000, 0x0000023f7bfd0000)

Polling page: 0x0000023f67e60000

Metaspace:

Usage:
  Non-class:      9.94 MB capacity,     9.78 MB ( 98%) used,   142.25 KB (  1%) free+waste,    16.25 KB ( <1%) overhead. 
      Class:      1.04 MB capacity,  1006.91 KB ( 94%) used,    51.77 KB (  5%) free+waste,     7.31 KB ( <1%) overhead. 
       Both:     10.98 MB capacity,    10.77 MB ( 98%) used,   194.02 KB (  2%) free+waste,    23.56 KB ( <1%) overhead. 

Virtual space:
  Non-class space:       10.00 MB reserved,      10.00 MB (100%) committed 
      Class space:        1.00 GB reserved,       1.13 MB ( <1%) committed 
             Both:        1.01 GB reserved,      11.13 MB (  1%) committed 

Chunk freelists:
   Non-Class:  1.00 KB
       Class:  22.00 KB
        Both:  23.00 KB

MaxMetaspaceSize: 17179869184.00 GB
CompressedClassSpaceSize: 1.00 GB

CodeHeap 'non-profiled nmethods': size=120064Kb used=199Kb max_used=199Kb free=119864Kb
 bounds [0x0000023f6f940000, 0x0000023f6fbb0000, 0x0000023f76e80000]
CodeHeap 'profiled nmethods': size=120000Kb used=1009Kb max_used=1027Kb free=118990Kb
 bounds [0x0000023f68410000, 0x0000023f68680000, 0x0000023f6f940000]
CodeHeap 'non-nmethods': size=5696Kb used=1178Kb max_used=1190Kb free=4518Kb
 bounds [0x0000023f67e80000, 0x0000023f680f0000, 0x0000023f68410000]
 total_blobs=1098 nmethods=686 adapters=332
 compilation: enabled
              stopped_count=0, restarted_count=0
 full_count=0

Compilation events (20 events):
Event: 3040.927 Thread 0x0000023f7e645800 nmethod 685 0x0000023f6f96fd90 code [0x0000023f6f96ff40, 0x0000023f6f96fff8]
Event: 3040.927 Thread 0x0000023f7e645800  686       3       org.eclipse.jdt.launching.internal.org.objectweb.asm.ByteVector::putShort (52 bytes)
Event: 3040.927 Thread 0x0000023f7e645800 nmethod 686 0x0000023f6850e990 code [0x0000023f6850eb60, 0x0000023f6850ed68]
Event: 3040.927 Thread 0x0000023f7e645800  687       1       org.eclipse.jdt.launching.internal.org.objectweb.asm.SymbolTable::getSource (5 bytes)
Event: 3040.928 Thread 0x0000023f7e645800 nmethod 687 0x0000023f6f970090 code [0x0000023f6f970240, 0x0000023f6f9702f8]
Event: 3040.928 Thread 0x0000023f7e637800 nmethod 684 0x0000023f6f970390 code [0x0000023f6f970520, 0x0000023f6f970618]
Event: 3602.855 Thread 0x0000023f7e645800  688       3       org.eclipse.jdt.launching.internal.org.objectweb.asm.SymbolTable::get (13 bytes)
Event: 3602.855 Thread 0x0000023f7e645800 nmethod 688 0x0000023f6850ef10 code [0x0000023f6850f0c0, 0x0000023f6850f218]
Event: 3602.855 Thread 0x0000023f7e645800  689       3       org.eclipse.jdt.launching.internal.org.objectweb.asm.SymbolTable::addConstantUtf8 (98 bytes)
Event: 3602.856 Thread 0x0000023f7e645800 nmethod 689 0x0000023f6850f310 code [0x0000023f6850f560, 0x0000023f6850fbf8]
Event: 6277.954 Thread 0x0000023f7e637800  690       4       java.lang.StringUTF16::compress (50 bytes)
Event: 6277.954 Thread 0x0000023f7e645800  691       3       org.eclipse.jdt.launching.internal.org.objectweb.asm.ClassReader::readInt (52 bytes)
Event: 6277.955 Thread 0x0000023f7e645800 nmethod 691 0x0000023f6850ff90 code [0x0000023f68510140, 0x0000023f68510318]
Event: 6277.963 Thread 0x0000023f7e637800 nmethod 690 0x0000023f6f970710 code [0x0000023f6f9708a0, 0x0000023f6f970cf8]
Event: 6901.258 Thread 0x0000023f7e645800  693       1       org.eclipse.jdt.launching.internal.org.objectweb.asm.MethodWriter::hasAsmInstructions (5 bytes)
Event: 6901.258 Thread 0x0000023f7e645800 nmethod 693 0x0000023f6f971310 code [0x0000023f6f9714c0, 0x0000023f6f971578]
Event: 7681.133 Thread 0x0000023f7e645800  695       3       java.lang.ref.ReferenceQueue::reallyPoll (65 bytes)
Event: 7681.133 Thread 0x0000023f7e645800 nmethod 695 0x0000023f68510490 code [0x0000023f68510680, 0x0000023f68510b78]
Event: 7903.402 Thread 0x0000023f7e637800  696       4       org.eclipse.jdt.launching.internal.org.objectweb.asm.ClassReader::getItem (7 bytes)
Event: 7903.406 Thread 0x0000023f7e637800 nmethod 696 0x0000023f6f971a10 code [0x0000023f6f971ba0, 0x0000023f6f971c58]

GC Heap History (0 events):
No events

Deoptimization events (20 events):
Event: 0.554 Thread 0x0000023f5f7eb000 Uncommon trap: trap_request=0xffffffc6 fr.pc=0x0000023f6f949994 relative=0x0000000000000074
Event: 0.554 Thread 0x0000023f5f7eb000 Uncommon trap: reason=bimorphic_or_optimized_type_check action=maybe_recompile pc=0x0000023f6f949994 method=java.util.AbstractCollection.isEmpty()Z @ 1 c2
Event: 0.554 Thread 0x0000023f5f7eb000 DEOPT PACKING pc=0x0000023f6f949994 sp=0x00000071925f7aa0
Event: 0.554 Thread 0x0000023f5f7eb000 DEOPT UNPACKING pc=0x0000023f67ebbb2f sp=0x00000071925f7a40 mode 2
Event: 0.554 Thread 0x0000023f5f7eb000 Uncommon trap: trap_request=0xffffffc6 fr.pc=0x0000023f6f949994 relative=0x0000000000000074
Event: 0.554 Thread 0x0000023f5f7eb000 Uncommon trap: reason=bimorphic_or_optimized_type_check action=maybe_recompile pc=0x0000023f6f949994 method=java.util.AbstractCollection.isEmpty()Z @ 1 c2
Event: 0.554 Thread 0x0000023f5f7eb000 DEOPT PACKING pc=0x0000023f6f949994 sp=0x00000071925f7c70
Event: 0.554 Thread 0x0000023f5f7eb000 DEOPT UNPACKING pc=0x0000023f67ebbb2f sp=0x00000071925f7c10 mode 2
Event: 0.556 Thread 0x0000023f5f7eb000 Uncommon trap: trap_request=0xffffffc6 fr.pc=0x0000023f6f949994 relative=0x0000000000000074
Event: 0.556 Thread 0x0000023f5f7eb000 Uncommon trap: reason=bimorphic_or_optimized_type_check action=maybe_recompile pc=0x0000023f6f949994 method=java.util.AbstractCollection.isEmpty()Z @ 1 c2
Event: 0.556 Thread 0x0000023f5f7eb000 DEOPT PACKING pc=0x0000023f6f949994 sp=0x00000071925f7aa0
Event: 0.556 Thread 0x0000023f5f7eb000 DEOPT UNPACKING pc=0x0000023f67ebbb2f sp=0x00000071925f7a40 mode 2
Event: 0.556 Thread 0x0000023f5f7eb000 Uncommon trap: trap_request=0xffffffc6 fr.pc=0x0000023f6f949994 relative=0x0000000000000074
Event: 0.556 Thread 0x0000023f5f7eb000 Uncommon trap: reason=bimorphic_or_optimized_type_check action=maybe_recompile pc=0x0000023f6f949994 method=java.util.AbstractCollection.isEmpty()Z @ 1 c2
Event: 0.556 Thread 0x0000023f5f7eb000 DEOPT PACKING pc=0x0000023f6f949994 sp=0x00000071925f7c70
Event: 0.556 Thread 0x0000023f5f7eb000 DEOPT UNPACKING pc=0x0000023f67ebbb2f sp=0x00000071925f7c10 mode 2
Event: 0.677 Thread 0x0000023f5f7eb000 Uncommon trap: trap_request=0xffffff4d fr.pc=0x0000023f6f96c584 relative=0x0000000000000064
Event: 0.677 Thread 0x0000023f5f7eb000 Uncommon trap: reason=unstable_if action=reinterpret pc=0x0000023f6f96c584 method=java.nio.Buffer.hasRemaining()Z @ 8 c2
Event: 0.677 Thread 0x0000023f5f7eb000 DEOPT PACKING pc=0x0000023f6f96c584 sp=0x00000071925fefe0
Event: 0.677 Thread 0x0000023f5f7eb000 DEOPT UNPACKING pc=0x0000023f67ebbb2f sp=0x00000071925fef78 mode 2

Classes redefined (3 events):
Event: 875.709 Thread 0x0000023f7e5f3800 redefined class name=ImageMosquitoes, count=1
Event: 1076.188 Thread 0x0000023f7e5f3800 redefined class name=ImageMosquitoes, count=2
Event: 7903.405 Thread 0x0000023f7e5f3800 redefined class name=ImageMosquitoes, count=3

Internal exceptions (8 events):
Event: 0.536 Thread 0x0000023f5f7eb000 Exception <a 'java/lang/ClassNotFoundException'{0x00000000897d35f8}: sun/awt/resources/spi/awtProvider> (0x00000000897d35f8) thrown at [./src/hotspot/share/classfile/systemDictionary.cpp, line 231]
Event: 0.582 Thread 0x0000023f5f7eb000 Exception <a 'java/io/FileNotFoundException'{0x0000000089685398}> (0x0000000089685398) thrown at [./src/hotspot/share/prims/jni.cpp, line 615]
Event: 0.601 Thread 0x0000023f5f7eb000 Exception <a 'java/lang/NoSuchMethodError'{0x00000000896e4220}: 'java.lang.Object java.lang.invoke.DirectMethodHandle$Holder.invokeStatic(java.lang.Object, java.lang.Object, java.lang.Object, java.lang.Object, java.lang.Object, java.lang.Object, java.lang.Object, java.lang.Object, java.lang.Object, java.lang.Object, java.lang.Object, java.lang.Object, java.lang.Object, java.lang.Object, java.lang.Object)'> (0x00000000896e4220) thrown at [./src/hotspot/share/interpreter/linkResolver.cpp, line 773]
Event: 0.604 Thread 0x0000023f5f7eb000 Exception <a 'java/lang/NoSuchMethodError'{0x00000000896f3768}: 'java.lang.Object java.lang.invoke.DirectMethodHandle$Holder.invokeStatic(java.lang.Object, java.lang.Object, java.lang.Object, java.lang.Object, java.lang.Object, java.lang.Object, java.lang.Object, java.lang.Object, java.lang.Object, java.lang.Object, java.lang.Object, java.lang.Object, java.lang.Object, java.lang.Object, java.lang.Object, java.lang.Object)'> (0x00000000896f3768) thrown at [./src/hotspot/share/interpreter/linkResolver.cpp, l
Event: 0.605 Thread 0x0000023f5f7eb000 Exception <a 'java/lang/NoSuchMethodError'{0x0000000089501b00}: 'java.lang.Object java.lang.invoke.DirectMethodHandle$Holder.invokeSpecial(java.lang.Object, java.lang.Object, int, int, java.lang.Object, java.lang.Object, java.lang.Object)'> (0x0000000089501b00) thrown at [./src/hotspot/share/interpreter/linkResolver.cpp, line 773]
Event: 0.606 Thread 0x0000023f5f7eb000 Exception <a 'java/lang/NoSuchMethodError'{0x0000000089505090}: 'java.lang.Object java.lang.invoke.DelegatingMethodHandle$Holder.reinvoke_L(java.lang.Object, int, int, java.lang.Object, java.lang.Object, java.lang.Object)'> (0x0000000089505090) thrown at [./src/hotspot/share/interpreter/linkResolver.cpp, line 773]
Event: 0.606 Thread 0x0000023f5f7eb000 Exception <a 'java/lang/NoSuchMethodError'{0x0000000089509f10}: 'java.lang.Object java.lang.invoke.DirectMethodHandle$Holder.invokeStatic(java.lang.Object, java.lang.Object, java.lang.Object, java.lang.Object, int)'> (0x0000000089509f10) thrown at [./src/hotspot/share/interpreter/linkResolver.cpp, line 773]
Event: 0.619 Thread 0x0000023f5f7eb000 Exception <a 'java/io/FileNotFoundException'{0x0000000089571198}> (0x0000000089571198) thrown at [./src/hotspot/share/prims/jni.cpp, line 615]

Events (20 events):
Event: 12549.605 Executing VM operation: GetCurrentContendedMonitor done
Event: 12549.605 Executing VM operation: GetOwnedMonitorInfo
Event: 12549.605 Executing VM operation: GetOwnedMonitorInfo done
Event: 12550.015 Executing VM operation: GetCurrentContendedMonitor
Event: 12550.015 Executing VM operation: GetCurrentContendedMonitor done
Event: 12550.016 Executing VM operation: GetOwnedMonitorInfo
Event: 12550.016 Executing VM operation: GetOwnedMonitorInfo done
Event: 12550.925 Executing VM operation: GetFrameCount
Event: 12550.925 Executing VM operation: GetFrameCount done
Event: 12550.926 Executing VM operation: GetOwnedMonitorInfo
Event: 12550.926 Executing VM operation: GetOwnedMonitorInfo done
Event: 12550.926 Executing VM operation: GetCurrentContendedMonitor
Event: 12550.926 Executing VM operation: GetCurrentContendedMonitor done
Event: 12551.215 Executing VM operation: GetFrameCount
Event: 12551.215 Executing VM operation: GetFrameCount done
Event: 12551.216 Executing VM operation: GetOwnedMonitorInfo
Event: 12551.216 Executing VM operation: GetOwnedMonitorInfo done
Event: 12551.216 Executing VM operation: GetCurrentContendedMonitor
Event: 12551.216 Executing VM operation: GetCurrentContendedMonitor done
Event: 12551.216 Executing VM operation: GetOrSetLocal


Dynamic libraries:
0x00007ff622b50000 - 0x00007ff622b5d000 	C:\Program Files\AdoptOpenJDK\jdk-11.0.8.10-hotspot\bin\javaw.exe
0x00007ffe52bb0000 - 0x00007ffe52da5000 	C:\WINDOWS\SYSTEM32\ntdll.dll
0x00007ffe52640000 - 0x00007ffe526fe000 	C:\WINDOWS\System32\KERNEL32.DLL
0x00007ffe50640000 - 0x00007ffe50908000 	C:\WINDOWS\System32\KERNELBASE.dll
0x00007ffe50960000 - 0x00007ffe50a60000 	C:\WINDOWS\System32\ucrtbase.dll
0x00007ffe30860000 - 0x00007ffe30877000 	C:\Program Files\AdoptOpenJDK\jdk-11.0.8.10-hotspot\bin\jli.dll
0x00007ffe30880000 - 0x00007ffe30895000 	C:\Program Files\AdoptOpenJDK\jdk-11.0.8.10-hotspot\bin\VCRUNTIME140.dll
0x00007ffe51bc0000 - 0x00007ffe51d61000 	C:\WINDOWS\System32\USER32.dll
0x00007ffe50610000 - 0x00007ffe50632000 	C:\WINDOWS\System32\win32u.dll
0x00007ffe510b0000 - 0x00007ffe510db000 	C:\WINDOWS\System32\GDI32.dll
0x00007ffe3fe10000 - 0x00007ffe400aa000 	C:\WINDOWS\WinSxS\amd64_microsoft.windows.common-controls_6595b64144ccf1df_6.0.19041.1110_none_60b5254171f9507e\COMCTL32.dll
0x00007ffe50a60000 - 0x00007ffe50b6b000 	C:\WINDOWS\System32\gdi32full.dll
0x00007ffe52ad0000 - 0x00007ffe52b6e000 	C:\WINDOWS\System32\msvcrt.dll
0x00007ffe502d0000 - 0x00007ffe5036d000 	C:\WINDOWS\System32\msvcp_win.dll
0x00007ffe51370000 - 0x00007ffe513a0000 	C:\WINDOWS\System32\IMM32.DLL
0x00007ffe11260000 - 0x00007ffe112fb000 	C:\Program Files\AdoptOpenJDK\jdk-11.0.8.10-hotspot\bin\msvcp140.dll
0x00007ffdf5080000 - 0x00007ffdf5b3d000 	C:\Program Files\AdoptOpenJDK\jdk-11.0.8.10-hotspot\bin\server\jvm.dll
0x00007ffe51260000 - 0x00007ffe5130c000 	C:\WINDOWS\System32\ADVAPI32.dll
0x00007ffe52700000 - 0x00007ffe5279b000 	C:\WINDOWS\System32\sechost.dll
0x00007ffe528d0000 - 0x00007ffe529fa000 	C:\WINDOWS\System32\RPCRT4.dll
0x00007ffe51e60000 - 0x00007ffe51e68000 	C:\WINDOWS\System32\PSAPI.DLL
0x00007ffe44dd0000 - 0x00007ffe44dd9000 	C:\WINDOWS\SYSTEM32\WSOCK32.dll
0x00007ffe4b010000 - 0x00007ffe4b01a000 	C:\WINDOWS\SYSTEM32\VERSION.dll
0x00007ffe52a60000 - 0x00007ffe52acb000 	C:\WINDOWS\System32\WS2_32.dll
0x00007ffe441d0000 - 0x00007ffe441f7000 	C:\WINDOWS\SYSTEM32\WINMM.dll
0x00007ffe4eba0000 - 0x00007ffe4ebb2000 	C:\WINDOWS\SYSTEM32\kernel.appcore.dll
0x00007ffe3c7f0000 - 0x00007ffe3c800000 	C:\Program Files\AdoptOpenJDK\jdk-11.0.8.10-hotspot\bin\verify.dll
0x00007ffe4e810000 - 0x00007ffe4e9f4000 	C:\WINDOWS\SYSTEM32\DBGHELP.DLL
0x00007ffe473b0000 - 0x00007ffe473dc000 	C:\WINDOWS\SYSTEM32\dbgcore.DLL
0x00007ffe50b70000 - 0x00007ffe50bf3000 	C:\WINDOWS\System32\bcryptPrimitives.dll
0x00007ffe27cd0000 - 0x00007ffe27cf8000 	C:\Program Files\AdoptOpenJDK\jdk-11.0.8.10-hotspot\bin\java.dll
0x00007ffe3bb90000 - 0x00007ffe3bb9a000 	C:\Program Files\AdoptOpenJDK\jdk-11.0.8.10-hotspot\bin\jimage.dll
0x00007ffe26460000 - 0x00007ffe26498000 	C:\Program Files\AdoptOpenJDK\jdk-11.0.8.10-hotspot\bin\jdwp.dll
0x00007ffe35ea0000 - 0x00007ffe35eae000 	C:\Program Files\AdoptOpenJDK\jdk-11.0.8.10-hotspot\bin\instrument.dll
0x00007ffe30840000 - 0x00007ffe30857000 	C:\Program Files\AdoptOpenJDK\jdk-11.0.8.10-hotspot\bin\zip.dll
0x00007ffe513a0000 - 0x00007ffe51adf000 	C:\WINDOWS\System32\SHELL32.dll
0x00007ffe4e080000 - 0x00007ffe4e810000 	C:\WINDOWS\SYSTEM32\windows.storage.dll
0x00007ffe50d50000 - 0x00007ffe510a5000 	C:\WINDOWS\System32\combase.dll
0x00007ffe4fc50000 - 0x00007ffe4fc7e000 	C:\WINDOWS\SYSTEM32\Wldp.dll
0x00007ffe50ca0000 - 0x00007ffe50d4d000 	C:\WINDOWS\System32\SHCORE.dll
0x00007ffe51310000 - 0x00007ffe51365000 	C:\WINDOWS\System32\shlwapi.dll
0x00007ffe50210000 - 0x00007ffe5022f000 	C:\WINDOWS\SYSTEM32\profapi.dll
0x00007ffe35af0000 - 0x00007ffe35afa000 	C:\Program Files\AdoptOpenJDK\jdk-11.0.8.10-hotspot\bin\dt_socket.dll
0x00007ffe4f9b0000 - 0x00007ffe4fa1a000 	C:\WINDOWS\System32\mswsock.dll
0x00007ffe4f6e0000 - 0x00007ffe4f7ab000 	C:\WINDOWS\SYSTEM32\DNSAPI.dll
0x00007ffe4f6a0000 - 0x00007ffe4f6db000 	C:\WINDOWS\SYSTEM32\IPHLPAPI.DLL
0x00007ffe51d70000 - 0x00007ffe51d78000 	C:\WINDOWS\System32\NSI.dll
0x00007ffe469e0000 - 0x00007ffe46a5f000 	C:\WINDOWS\System32\fwpuclnt.dll
0x00007ffe504d0000 - 0x00007ffe504f7000 	C:\WINDOWS\System32\bcrypt.dll
0x00007ffe47230000 - 0x00007ffe4723a000 	C:\Windows\System32\rasadhlp.dll
0x00007ffe2e3e0000 - 0x00007ffe2e3f9000 	C:\Program Files\AdoptOpenJDK\jdk-11.0.8.10-hotspot\bin\net.dll
0x00007ffe47770000 - 0x00007ffe4787c000 	C:\WINDOWS\SYSTEM32\WINHTTP.dll
0x00007ffe2d5c0000 - 0x00007ffe2d5d2000 	C:\Program Files\AdoptOpenJDK\jdk-11.0.8.10-hotspot\bin\nio.dll
0x00007ffdfd760000 - 0x00007ffdfd8f9000 	C:\Program Files\AdoptOpenJDK\jdk-11.0.8.10-hotspot\bin\awt.dll
0x00007ffe510e0000 - 0x00007ffe511ad000 	C:\WINDOWS\System32\OLEAUT32.dll
0x00007ffe4d660000 - 0x00007ffe4d6f0000 	C:\WINDOWS\SYSTEM32\apphelp.dll

dbghelp: loaded successfully - version: 4.0.5 - missing functions: none
symbol engine: initialized successfully - sym options: 0x614 - pdb path: .;C:\Program Files\AdoptOpenJDK\jdk-11.0.8.10-hotspot\bin;C:\WINDOWS\SYSTEM32;C:\WINDOWS\WinSxS\amd64_microsoft.windows.common-controls_6595b64144ccf1df_6.0.19041.1110_none_60b5254171f9507e;C:\Program Files\AdoptOpenJDK\jdk-11.0.8.10-hotspot\bin\server

VM Arguments:
jvm_args: -agentlib:jdwp=transport=dt_socket,suspend=y,address=localhost:58371 -javaagent:C:\Users\Asus\eclipse\java-2020-092\eclipse\configuration\org.eclipse.osgi\215\0\.cp\lib\javaagent-shaded.jar -Dfile.encoding=Cp1252 
java_command: ImageMosquitoes
java_class_path (initial): C:\Users\Asus\eclipse-workspace\AnalyzeImage\bin
Launcher Type: SUN_STANDARD

[Global flags]
     intx CICompilerCount                          = 3                                         {product} {ergonomic}
     uint ConcGCThreads                            = 1                                         {product} {ergonomic}
     uint G1ConcRefinementThreads                  = 4                                         {product} {ergonomic}
   size_t G1HeapRegionSize                         = 1048576                                   {product} {ergonomic}
    uintx GCDrainStackTargetSize                   = 64                                        {product} {ergonomic}
   size_t InitialHeapSize                          = 134217728                                 {product} {ergonomic}
   size_t MarkStackSize                            = 4194304                                   {product} {ergonomic}
   size_t MaxHeapSize                              = 2118123520                                {product} {ergonomic}
   size_t MaxNewSize                               = 1270874112                                {product} {ergonomic}
   size_t MinHeapDeltaBytes                        = 1048576                                   {product} {ergonomic}
    uintx NonNMethodCodeHeapSize                   = 5830732                                {pd product} {ergonomic}
    uintx NonProfiledCodeHeapSize                  = 122913754                              {pd product} {ergonomic}
    uintx ProfiledCodeHeapSize                     = 122913754                              {pd product} {ergonomic}
    uintx ReservedCodeCacheSize                    = 251658240                              {pd product} {ergonomic}
     bool SegmentedCodeCache                       = true                                      {product} {ergonomic}
     bool UseCompressedClassPointers               = true                                 {lp64_product} {ergonomic}
     bool UseCompressedOops                        = true                                 {lp64_product} {ergonomic}
     bool UseG1GC                                  = true                                      {product} {ergonomic}
     bool UseLargePagesIndividualAllocation        = false                                  {pd product} {ergonomic}

Logging:
Log output configuration:
 #0: stdout all=warning uptime,level,tags
 #1: stderr all=off uptime,level,tags

Environment Variables:
PATH=C:/Users/Asus/.p2/pool/plugins/org.eclipse.justj.openjdk.hotspot.jre.full.win32.x86_64_14.0.2.v20200815-0932/jre/bin/server;C:/Users/Asus/.p2/pool/plugins/org.eclipse.justj.openjdk.hotspot.jre.full.win32.x86_64_14.0.2.v20200815-0932/jre/bin;C:\Program Files\Common Files\Oracle\Java\javapath;C:\Program Files (x86)\VMware\VMware Workstation\bin\;C:\Program Files (x86)\Common Files\Oracle\Java\javapath;C:\Program Files\AdoptOpenJDK\jdk-11.0.8.10-hotspot\bin;C:\Program Files (x86)\Intel\iCLS Client\;C:\Program Files\Intel\iCLS Client\;C:\WINDOWS\system32;C:\WINDOWS;C:\WINDOWS\System32\Wbem;C:\WINDOWS\System32\WindowsPowerShell\v1.0\;C:\Program Files (x86)\Intel\Intel(R) Management Engine Components\DAL;C:\Program Files\Intel\Intel(R) Management Engine Components\DAL;C:\Program Files (x86)\Intel\Intel(R) Management Engine Components\IPT;C:\Program Files\Intel\Intel(R) Management Engine Components\IPT;C:\Program Files\MiKTeX 2.9\miktex\bin\x64\;C:\Program Files\dotnet\;C:\WINDOWS\System32\OpenSSH\;C:\Users\Asus\AppData\Local\Microsoft\WindowsApps;;C:\Users\Asus\Desktop;
USERNAME=Asus
OS=Windows_NT
PROCESSOR_IDENTIFIER=Intel64 Family 6 Model 142 Stepping 9, GenuineIntel



---------------  S Y S T E M  ---------------

OS: Windows 10 , 64 bit Build 19041 (10.0.19041.1348)
OS uptime: 13 days 18:23 hours

CPU:total 4 (initial active 4) (2 cores per cpu, 2 threads per core) family 6 model 142 stepping 9, cmov, cx8, fxsr, mmx, sse, sse2, sse3, ssse3, sse4.1, sse4.2, popcnt, avx, avx2, aes, clmul, erms, 3dnowpref, lzcnt, ht, tsc, tscinvbit, bmi1, bmi2, adx, fma

Memory: 4k page, system-wide physical 8077M (1597M free)
TotalPageFile size 14903M (AvailPageFile size 2412M)
current process WorkingSet (physical memory assigned to process): 39M, peak: 52M
current process commit charge ("private bytes"): 204M, peak: 207M

vm_info: OpenJDK 64-Bit Server VM (11.0.8+10) for windows-amd64 JRE (11.0.8+10), built on Jul 15 2020 11:45:54 by "" with MS VC++ 15.9 (VS2017)

END.
